<?xml version="1.0" encoding="UTF-8"?>
<testng-results ignored="0" total="1" passed="1" failed="0" skipped="0">
  <reporter-output>
    <line>
      <![CDATA[How r u]]>
    </line>
  </reporter-output>
  <suite started-at="2023-01-09T17:55:53 IST" name="Suite" finished-at="2023-01-09T17:55:53 IST" duration-ms="72">
    <groups>
    </groups>
    <test started-at="2023-01-09T17:55:53 IST" name="Test" finished-at="2023-01-09T17:55:53 IST" duration-ms="72">
      <class name="jenkins.TestCase3">
        <test-method signature="m3()[pri:0, instance:jenkins.TestCase3@649bec2e]" started-at="2023-01-09T17:55:53 IST" name="m3" finished-at="2023-01-09T17:55:53 IST" duration-ms="12" status="PASS">
          <reporter-output>
            <line>
              <![CDATA[How r u]]>
            </line>
          </reporter-output>
        </test-method> <!-- m3 -->
      </class> <!-- jenkins.TestCase3 -->
    </test> <!-- Test -->
  </suite> <!-- Suite -->
</testng-results>
